> m = rbind(c(1, 0), c(0, 1))
> source("cachematrix.R")
> v = makeCacheMatrix(m)
> v$get()
     [,1] [,2]
[1,]    1    0
[2,]    0    1
> m = rbind(c(1, -1/4), c(-1/4, 1))
> v$get()
     [,1] [,2]
[1,]    1    0
[2,]    0    1
> v$set(m)
> v$get()
      [,1]  [,2]
[1,]  1.00 -0.25
[2,] -0.25  1.00
> cacheSolve(v)
          [,1]      [,2]
[1,] 1.0666667 0.2666667
[2,] 0.2666667 1.0666667
> cacheSolve(v)
getting cached data
          [,1]      [,2]
[1,] 1.0666667 0.2666667
[2,] 0.2666667 1.0666667
> 
